<?xml version="1.0" encoding="UTF-8"?>
<!-- Generated by org.testng.reporters.JUnitXMLReporter -->
<testsuite ignored="0" hostname="LAPTOP-U3QH442D" failures="0" tests="2" name="Default test" time="30.673" errors="0" timestamp="2020-05-13T23:29:25 PDT">
  <testcase classname="com.orangehrmtestcases.orangehrmrecruitmenttestcase" name="addbutton" time="2.912"/>
  <testcase classname="com.orangehrmtestcases.orangehrmrecruitmenttestcase" name="recruitmentpage" time="2.736"/>
</testsuite> <!-- Default test -->
