<?xml version="1.0" encoding="UTF-8"?>
<testng-results ignored="0" total="2" passed="2" failed="0" skipped="0">
  <reporter-output>
  </reporter-output>
  <suite started-at="2020-05-13T23:28:54 PDT" name="Default suite" finished-at="2020-05-13T23:29:25 PDT" duration-ms="30673">
    <groups>
    </groups>
    <test started-at="2020-05-13T23:28:54 PDT" name="Default test" finished-at="2020-05-13T23:29:25 PDT" duration-ms="30673">
      <class name="com.orangehrmtestcases.orangehrmrecruitmenttestcase">
        <test-method is-config="true" signature="launchbrowser()[pri:0, instance:com.orangehrmtestcases.orangehrmrecruitmenttestcase@20d28811]" started-at="2020-05-13T23:28:54 PDT" name="launchbrowser" finished-at="2020-05-13T23:29:06 PDT" duration-ms="12212" status="PASS">
          <reporter-output>
          </reporter-output>
        </test-method> <!-- launchbrowser -->
        <test-method signature="addbutton()[pri:0, instance:com.orangehrmtestcases.orangehrmrecruitmenttestcase@20d28811]" started-at="2020-05-13T23:29:06 PDT" name="addbutton" finished-at="2020-05-13T23:29:09 PDT" duration-ms="2912" status="PASS">
          <reporter-output>
          </reporter-output>
        </test-method> <!-- addbutton -->
        <test-method is-config="true" signature="close()[pri:0, instance:com.orangehrmtestcases.orangehrmrecruitmenttestcase@20d28811]" started-at="2020-05-13T23:29:09 PDT" name="close" finished-at="2020-05-13T23:29:10 PDT" duration-ms="524" status="PASS">
          <reporter-output>
          </reporter-output>
        </test-method> <!-- close -->
        <test-method is-config="true" signature="launchbrowser()[pri:0, instance:com.orangehrmtestcases.orangehrmrecruitmenttestcase@20d28811]" started-at="2020-05-13T23:29:10 PDT" name="launchbrowser" finished-at="2020-05-13T23:29:21 PDT" duration-ms="11706" status="PASS">
          <reporter-output>
          </reporter-output>
        </test-method> <!-- launchbrowser -->
        <test-method signature="recruitmentpage()[pri:0, instance:com.orangehrmtestcases.orangehrmrecruitmenttestcase@20d28811]" started-at="2020-05-13T23:29:21 PDT" name="recruitmentpage" finished-at="2020-05-13T23:29:24 PDT" duration-ms="2736" status="PASS">
          <reporter-output>
          </reporter-output>
        </test-method> <!-- recruitmentpage -->
        <test-method is-config="true" signature="close()[pri:0, instance:com.orangehrmtestcases.orangehrmrecruitmenttestcase@20d28811]" started-at="2020-05-13T23:29:24 PDT" name="close" finished-at="2020-05-13T23:29:25 PDT" duration-ms="534" status="PASS">
          <reporter-output>
          </reporter-output>
        </test-method> <!-- close -->
      </class> <!-- com.orangehrmtestcases.orangehrmrecruitmenttestcase -->
    </test> <!-- Default test -->
  </suite> <!-- Default suite -->
</testng-results>
